;;; TOOL: run-interp-spec
;;; STDIN_FILE: third_party/testsuite/proposals/simd/simd_int_to_int_extend.wast
;;; ARGS*: --enable-simd
(;; STDOUT ;;;
out/test/spec/simd/simd_int_to_int_extend.wast:488: assert_invalid passed:
  error: type mismatch in i16x8.extend_high_i8x16_s, expected [v128] but got [i32]
  000001d: error: OnUnaryExpr callback failed
out/test/spec/simd/simd_int_to_int_extend.wast:489: assert_invalid passed:
  error: type mismatch in i16x8.extend_high_i8x16_u, expected [v128] but got [i32]
  000001d: error: OnUnaryExpr callback failed
out/test/spec/simd/simd_int_to_int_extend.wast:490: assert_invalid passed:
  error: type mismatch in i16x8.extend_low_i8x16_s, expected [v128] but got [i32]
  000001d: error: OnUnaryExpr callback failed
out/test/spec/simd/simd_int_to_int_extend.wast:491: assert_invalid passed:
  error: type mismatch in i16x8.extend_low_i8x16_u, expected [v128] but got [i32]
  000001d: error: OnUnaryExpr callback failed
out/test/spec/simd/simd_int_to_int_extend.wast:492: assert_invalid passed:
  error: type mismatch in i32x4.extend_high_i16x8_s, expected [v128] but got [i32]
  000001d: error: OnUnaryExpr callback failed
out/test/spec/simd/simd_int_to_int_extend.wast:493: assert_invalid passed:
  error: type mismatch in i32x4.extend_high_i16x8_u, expected [v128] but got [i32]
  000001d: error: OnUnaryExpr callback failed
out/test/spec/simd/simd_int_to_int_extend.wast:494: assert_invalid passed:
  error: type mismatch in i32x4.extend_low_i16x8_s, expected [v128] but got [i32]
  000001d: error: OnUnaryExpr callback failed
out/test/spec/simd/simd_int_to_int_extend.wast:495: assert_invalid passed:
  error: type mismatch in i32x4.extend_low_i16x8_u, expected [v128] but got [i32]
  000001d: error: OnUnaryExpr callback failed
out/test/spec/simd/simd_int_to_int_extend.wast:496: assert_invalid passed:
  error: type mismatch in i64x2.extend_high_i32x4_s, expected [v128] but got [i32]
  000001d: error: OnUnaryExpr callback failed
out/test/spec/simd/simd_int_to_int_extend.wast:497: assert_invalid passed:
  error: type mismatch in i64x2.extend_high_i32x4_u, expected [v128] but got [i32]
  000001d: error: OnUnaryExpr callback failed
out/test/spec/simd/simd_int_to_int_extend.wast:498: assert_invalid passed:
  error: type mismatch in i64x2.extend_low_i32x4_s, expected [v128] but got [i32]
  000001d: error: OnUnaryExpr callback failed
out/test/spec/simd/simd_int_to_int_extend.wast:499: assert_invalid passed:
  error: type mismatch in i64x2.extend_low_i32x4_u, expected [v128] but got [i32]
  000001d: error: OnUnaryExpr callback failed
out/test/spec/simd/simd_int_to_int_extend.wast:504: assert_invalid passed:
  error: type mismatch in i16x8.extend_high_i8x16_s, expected [v128] but got []
  000001b: error: OnUnaryExpr callback failed
out/test/spec/simd/simd_int_to_int_extend.wast:512: assert_invalid passed:
  error: type mismatch in i16x8.extend_high_i8x16_u, expected [v128] but got []
  000001b: error: OnUnaryExpr callback failed
out/test/spec/simd/simd_int_to_int_extend.wast:520: assert_invalid passed:
  error: type mismatch in i16x8.extend_low_i8x16_s, expected [v128] but got []
  000001b: error: OnUnaryExpr callback failed
out/test/spec/simd/simd_int_to_int_extend.wast:528: assert_invalid passed:
  error: type mismatch in i16x8.extend_low_i8x16_u, expected [v128] but got []
  000001b: error: OnUnaryExpr callback failed
out/test/spec/simd/simd_int_to_int_extend.wast:536: assert_invalid passed:
  error: type mismatch in i32x4.extend_high_i16x8_s, expected [v128] but got []
  000001b: error: OnUnaryExpr callback failed
out/test/spec/simd/simd_int_to_int_extend.wast:544: assert_invalid passed:
  error: type mismatch in i32x4.extend_high_i16x8_u, expected [v128] but got []
  000001b: error: OnUnaryExpr callback failed
out/test/spec/simd/simd_int_to_int_extend.wast:552: assert_invalid passed:
  error: type mismatch in i32x4.extend_low_i16x8_s, expected [v128] but got []
  000001b: error: OnUnaryExpr callback failed
out/test/spec/simd/simd_int_to_int_extend.wast:560: assert_invalid passed:
  error: type mismatch in i32x4.extend_low_i16x8_u, expected [v128] but got []
  000001b: error: OnUnaryExpr callback failed
out/test/spec/simd/simd_int_to_int_extend.wast:568: assert_invalid passed:
  error: type mismatch in i64x2.extend_high_i32x4_s, expected [v128] but got []
  000001b: error: OnUnaryExpr callback failed
out/test/spec/simd/simd_int_to_int_extend.wast:576: assert_invalid passed:
  error: type mismatch in i64x2.extend_high_i32x4_u, expected [v128] but got []
  000001b: error: OnUnaryExpr callback failed
out/test/spec/simd/simd_int_to_int_extend.wast:584: assert_invalid passed:
  error: type mismatch in i64x2.extend_low_i32x4_s, expected [v128] but got []
  000001b: error: OnUnaryExpr callback failed
out/test/spec/simd/simd_int_to_int_extend.wast:592: assert_invalid passed:
  error: type mismatch in i64x2.extend_low_i32x4_u, expected [v128] but got []
  000001b: error: OnUnaryExpr callback failed
252/252 tests passed.
;;; STDOUT ;;)
