;;; TOOL: run-interp-spec
;;; STDIN_FILE: third_party/testsuite/proposals/simd/simd_i64x2_cmp.wast
;;; ARGS*: --enable-simd
(;; STDOUT ;;;
out/test/spec/simd/simd_i64x2_cmp.wast:374: assert_invalid passed:
  error: type mismatch in i64x2.eq, expected [v128, v128] but got [i32, f32]
  0000022: error: OnCompareExpr callback failed
out/test/spec/simd/simd_i64x2_cmp.wast:375: assert_invalid passed:
  error: type mismatch in i64x2.ne, expected [v128, v128] but got [i32, f32]
  0000022: error: OnCompareExpr callback failed
out/test/spec/simd/simd_i64x2_cmp.wast:376: assert_invalid passed:
  error: type mismatch in i64x2.ge_s, expected [v128, v128] but got [i32, f32]
  0000022: error: OnCompareExpr callback failed
out/test/spec/simd/simd_i64x2_cmp.wast:377: assert_invalid passed:
  error: type mismatch in i64x2.gt_s, expected [v128, v128] but got [i32, f32]
  0000022: error: OnCompareExpr callback failed
out/test/spec/simd/simd_i64x2_cmp.wast:378: assert_invalid passed:
  error: type mismatch in i64x2.le_s, expected [v128, v128] but got [i32, f32]
  0000022: error: OnCompareExpr callback failed
out/test/spec/simd/simd_i64x2_cmp.wast:379: assert_invalid passed:
  error: type mismatch in i64x2.lt_s, expected [v128, v128] but got [i32, f32]
  0000022: error: OnCompareExpr callback failed
out/test/spec/simd/simd_i64x2_cmp.wast:384: assert_invalid passed:
  error: type mismatch in i64x2.eq, expected [v128, v128] but got [v128]
  000002d: error: OnCompareExpr callback failed
out/test/spec/simd/simd_i64x2_cmp.wast:392: assert_invalid passed:
  error: type mismatch in i64x2.eq, expected [v128, v128] but got []
  000001b: error: OnCompareExpr callback failed
out/test/spec/simd/simd_i64x2_cmp.wast:400: assert_invalid passed:
  error: type mismatch in i64x2.ne, expected [v128, v128] but got [v128]
  000002d: error: OnCompareExpr callback failed
out/test/spec/simd/simd_i64x2_cmp.wast:408: assert_invalid passed:
  error: type mismatch in i64x2.ne, expected [v128, v128] but got []
  000001b: error: OnCompareExpr callback failed
110/110 tests passed.
;;; STDOUT ;;)
