;;; TOOL: run-interp-spec
;;; STDIN_FILE: third_party/testsuite/proposals/simd/simd_i16x8_extadd_pairwise_i8x16.wast
;;; ARGS*: --enable-simd
(;; STDOUT ;;;
out/test/spec/simd/simd_i16x8_extadd_pairwise_i8x16.wast:47: assert_invalid passed:
  error: type mismatch in i16x8.extadd_pairwise_i8x16_s, expected [v128] but got [i32]
  000001c: error: OnUnaryExpr callback failed
out/test/spec/simd/simd_i16x8_extadd_pairwise_i8x16.wast:48: assert_invalid passed:
  error: type mismatch in i16x8.extadd_pairwise_i8x16_u, expected [v128] but got [i32]
  000001c: error: OnUnaryExpr callback failed
out/test/spec/simd/simd_i16x8_extadd_pairwise_i8x16.wast:53: assert_invalid passed:
  error: type mismatch in i16x8.extadd_pairwise_i8x16_s, expected [v128] but got []
  000001a: error: OnUnaryExpr callback failed
out/test/spec/simd/simd_i16x8_extadd_pairwise_i8x16.wast:61: assert_invalid passed:
  error: type mismatch in i16x8.extadd_pairwise_i8x16_u, expected [v128] but got []
  000001a: error: OnUnaryExpr callback failed
20/20 tests passed.
;;; STDOUT ;;)
