;;; TOOL: run-interp-spec
;;; STDIN_FILE: third_party/testsuite/proposals/simd/simd_store32_lane.wast
;;; ARGS*: --enable-simd
(;; STDOUT ;;;
out/test/spec/simd/simd_store32_lane.wast:183: assert_invalid passed:
  error: type mismatch in v128.store32_lane, expected [i32, v128] but got [v128, i32]
  0000027: error: OnSimdStoreLaneExpr callback failed
out/test/spec/simd/simd_store32_lane.wast:189: assert_invalid passed:
  error: lane index must be less than 4 (got 4)
  0000027: error: OnSimdStoreLaneExpr callback failed
out/test/spec/simd/simd_store32_lane.wast:196: assert_invalid passed:
  error: alignment must not be larger than natural alignment (4)
  0000027: error: OnSimdStoreLaneExpr callback failed
23/23 tests passed.
;;; STDOUT ;;)
