;;; TOOL: run-interp-spec
;;; STDIN_FILE: third_party/testsuite/exports.wast
(;; STDOUT ;;;
out/test/spec/exports.wast:29: assert_invalid passed:
  0000000: error: function variable out of range: 0 (max 0)
  000000f: error: OnExport callback failed
out/test/spec/exports.wast:33: assert_invalid passed:
  0000000: error: function variable out of range: 1 (max 1)
  0000019: error: OnExport callback failed
out/test/spec/exports.wast:37: assert_invalid passed:
  0000000: error: function variable out of range: 1 (max 1)
  000002e: error: OnExport callback failed
out/test/spec/exports.wast:41: assert_invalid passed:
  error: duplicate export "a"
  000001d: error: OnExport callback failed
out/test/spec/exports.wast:45: assert_invalid passed:
  error: duplicate export "a"
  000001e: error: OnExport callback failed
out/test/spec/exports.wast:49: assert_invalid passed:
  error: duplicate export "a"
  0000025: error: OnExport callback failed
out/test/spec/exports.wast:53: assert_invalid passed:
  error: duplicate export "a"
  0000023: error: OnExport callback failed
out/test/spec/exports.wast:57: assert_invalid passed:
  error: duplicate export "a"
  0000022: error: OnExport callback failed
out/test/spec/exports.wast:86: assert_invalid passed:
  0000000: error: global variable out of range: 0 (max 0)
  000000f: error: OnExport callback failed
out/test/spec/exports.wast:90: assert_invalid passed:
  0000000: error: global variable out of range: 1 (max 1)
  0000017: error: OnExport callback failed
out/test/spec/exports.wast:94: assert_invalid passed:
  0000000: error: global variable out of range: 1 (max 1)
  0000029: error: OnExport callback failed
out/test/spec/exports.wast:98: assert_invalid passed:
  error: duplicate export "a"
  000001b: error: OnExport callback failed
out/test/spec/exports.wast:102: assert_invalid passed:
  error: duplicate export "a"
  0000020: error: OnExport callback failed
out/test/spec/exports.wast:106: assert_invalid passed:
  error: duplicate export "a"
  0000025: error: OnExport callback failed
out/test/spec/exports.wast:110: assert_invalid passed:
  error: duplicate export "a"
  0000021: error: OnExport callback failed
out/test/spec/exports.wast:114: assert_invalid passed:
  error: duplicate export "a"
  0000020: error: OnExport callback failed
out/test/spec/exports.wast:142: assert_invalid passed:
  0000000: error: table variable out of range: 0 (max 0)
  000000f: error: OnExport callback failed
out/test/spec/exports.wast:146: assert_invalid passed:
  0000000: error: table variable out of range: 1 (max 1)
  0000015: error: OnExport callback failed
out/test/spec/exports.wast:150: assert_invalid passed:
  0000000: error: table variable out of range: 1 (max 1)
  0000026: error: OnExport callback failed
out/test/spec/exports.wast:154: assert_invalid passed:
  error: duplicate export "a"
  0000019: error: OnExport callback failed
out/test/spec/exports.wast:163: assert_invalid passed:
  error: duplicate export "a"
  0000023: error: OnExport callback failed
out/test/spec/exports.wast:167: assert_invalid passed:
  error: duplicate export "a"
  0000021: error: OnExport callback failed
out/test/spec/exports.wast:171: assert_invalid passed:
  error: duplicate export "a"
  000001e: error: OnExport callback failed
out/test/spec/exports.wast:199: assert_invalid passed:
  0000000: error: memory variable out of range: 0 (max 0)
  000000f: error: OnExport callback failed
out/test/spec/exports.wast:203: assert_invalid passed:
  0000000: error: memory variable out of range: 1 (max 1)
  0000014: error: OnExport callback failed
out/test/spec/exports.wast:207: assert_invalid passed:
  0000000: error: memory variable out of range: 1 (max 1)
  0000026: error: OnExport callback failed
out/test/spec/exports.wast:211: assert_invalid passed:
  error: duplicate export "a"
  0000018: error: OnExport callback failed
out/test/spec/exports.wast:220: assert_invalid passed:
  error: duplicate export "a"
  0000022: error: OnExport callback failed
out/test/spec/exports.wast:224: assert_invalid passed:
  error: duplicate export "a"
  0000020: error: OnExport callback failed
out/test/spec/exports.wast:228: assert_invalid passed:
  error: duplicate export "a"
  000001e: error: OnExport callback failed
36/36 tests passed.
;;; STDOUT ;;)
